Removed Pin From Net: NetName=NetQ3_2 Pin=Q3-1
Removed Pin From Net: NetName=NetP7_2 Pin=Q3-2
Removed Pin From Net: NetName=GND Pin=U2-9
Removed Pin From Net: NetName=GND Pin=U3-9
Change Component Footprint: Designator=C10 Old Footprint=0603 New Footprint=1206
Change Component Footprint: Designator=C28 Old Footprint=1206 New Footprint=7343
Added Component: Designator=R203(0603)
Add component. Clean all parameters for all variants
Add component (AddParameter): Name = "LatestRevisionDate"; Value = "17-Jul-2002"; VariantName = "[No Variations]"
Add component (AddParameter): Name = "LatestRevisionNote"; Value = "Re-released for DXP Platform."; VariantName = "[No Variations]"
Add component (AddParameter): Name = "PackageDescription"; Value = "Axial Device, Thru-Hole; 2 Leads; 0.4 in Pin Spacing"; VariantName = "[No Variations]"
Add component (AddParameter): Name = "PackageReference"; Value = "AXIAL-0.4"; VariantName = "[No Variations]"
Add component (AddParameter): Name = "Published"; Value = "8-Jun-2000"; VariantName = "[No Variations]"
Add component (AddParameter): Name = "Publisher"; Value = "Altium Limited"; VariantName = "[No Variations]"
Add component (AddParameter): Name = "Value"; Value = "0"; VariantName = "[No Variations]"
Added Pin To Net: NetName=NetP7_2 Pin=Q3-1
Added Pin To Net: NetName=NetQ3_2 Pin=Q3-2
Added Pin To Net: NetName=GSM_GPRS Pin=R203-1
Added Pin To Net: NetName=NetR203_2 Pin=R203-2
Added Pin To Net: NetName=NetR203_2 Pin=U1-14
Added Net: Name=NetR203_2
Added Member To Class: ClassName=U_DK_GU600E_V10 Member=Component CN1 SIM_BLOCK
Added Member To Class: ClassName=U_DK_GU600E_V10 Member=Component R203 Res2
Added Member To Class: ClassName=U_DK_STM32L151 Member=Component Y2 32.768M
Added Room: Name=U_DK_GU600E_V10
Added Room: Name=U_DK_MOTO
Added Room: Name=U_DK_POWER
Added Room: Name=U_DK_STM32L151
