Remove Pin=R2-2 From Net=BOOT0
Remove Pin=R3-2 From Net=BOOT1
Change Component Footprint: Designator=P4 Old Footprint=COM2 New Footprint=HDR1X2
Change Component Footprint: Designator=P5 Old Footprint=COM2 New Footprint=HDR1X2
Change Component Footprint: Designator=P6 Old Footprint=COM2 New Footprint=HDR1X2
Change Component Footprint: Designator=P7 Old Footprint=COM2 New Footprint=HDR1X2
Change Component Footprint: Designator=P8 Old Footprint=COM2 New Footprint=HDR1X2
Change Component Footprint: Designator=P3 Old Footprint=HEAD2L-0.8 New Footprint=HDR1X2
Change Component Footprint: Designator=U4 Old Footprint=MOTO2 New Footprint=moto
Change Component Footprint: Designator=Y2 Old Footprint=XTAL32.786 New Footprint=R38
Change Component Designator: OldDesignator=ANT1 NewDesignator=ANT2
Change Component Designator: OldDesignator=C13 NewDesignator=C16
Change Component Designator: OldDesignator=C14 NewDesignator=C17
Change Component Designator: OldDesignator=C15 NewDesignator=C18
Change Component Designator: OldDesignator=C16 NewDesignator=C19
Change Component Designator: OldDesignator=C17 NewDesignator=C20
Change Component Designator: OldDesignator=C18 NewDesignator=C21
Change Component Designator: OldDesignator=C19 NewDesignator=C22
Change Component Designator: OldDesignator=C20 NewDesignator=C23
Change Component Designator: OldDesignator=C21 NewDesignator=C24
Change Component Designator: OldDesignator=C22 NewDesignator=C25
Change Component Designator: OldDesignator=C23 NewDesignator=C26
Change Component Designator: OldDesignator=C24 NewDesignator=C27
Change Component Designator: OldDesignator=C25 NewDesignator=C103
Change Component Designator: OldDesignator=C26 NewDesignator=C104
Change Component Designator: OldDesignator=C27 NewDesignator=C105
Change Component Designator: OldDesignator=C28 NewDesignator=C106
Change Component Designator: OldDesignator=C29 NewDesignator=C108
Change Component Designator: OldDesignator=C30 NewDesignator=C107
Change Component Designator: OldDesignator=C31 NewDesignator=C102
Change Component Designator: OldDesignator=C32 NewDesignator=C100
Change Component Designator: OldDesignator=C33 NewDesignator=C101
Change Component Designator: OldDesignator=CN1 NewDesignator=CN2
Change Component Designator: OldDesignator=D1 NewDesignator=D4
Change Component Designator: OldDesignator=D2 NewDesignator=D10
Change Component Designator: OldDesignator=P1 NewDesignator=P3
Change Component Designator: OldDesignator=P2 NewDesignator=P4
Change Component Designator: OldDesignator=P3 NewDesignator=P8
Change Component Designator: OldDesignator=P4 NewDesignator=P9
Change Component Designator: OldDesignator=P5 NewDesignator=P10
Change Component Designator: OldDesignator=P6 NewDesignator=P11
Change Component Designator: OldDesignator=P7 NewDesignator=P12
Change Component Designator: OldDesignator=P8 NewDesignator=P13
Change Component Designator: OldDesignator=R6 NewDesignator=R8
Change Component Designator: OldDesignator=R7 NewDesignator=R9
Change Component Designator: OldDesignator=R8 NewDesignator=R10
Change Component Designator: OldDesignator=R9 NewDesignator=R11
Change Component Designator: OldDesignator=R10 NewDesignator=R12
Change Component Designator: OldDesignator=R11 NewDesignator=R13
Change Component Designator: OldDesignator=R12 NewDesignator=R14
Change Component Designator: OldDesignator=R13 NewDesignator=R15
Change Component Designator: OldDesignator=R14 NewDesignator=R16
Change Component Designator: OldDesignator=R15 NewDesignator=R17
Change Component Designator: OldDesignator=R16 NewDesignator=R18
Change Component Designator: OldDesignator=R17 NewDesignator=R19
Change Component Designator: OldDesignator=R18 NewDesignator=R20
Change Component Designator: OldDesignator=R19 NewDesignator=R21
Change Component Designator: OldDesignator=R20 NewDesignator=R22
Change Component Designator: OldDesignator=R21 NewDesignator=R23
Change Component Designator: OldDesignator=R22 NewDesignator=R24
Change Component Designator: OldDesignator=R23 NewDesignator=R25
Change Component Designator: OldDesignator=R24 NewDesignator=R26
Change Component Designator: OldDesignator=R25 NewDesignator=R27
Change Component Designator: OldDesignator=R26 NewDesignator=R28
Change Component Designator: OldDesignator=R27 NewDesignator=R100
Change Component Designator: OldDesignator=U2 NewDesignator=U3
Change Component Designator: OldDesignator=U3 NewDesignator=U4
Change Component Designator: OldDesignator=U4 NewDesignator=U5
Change Component Designator: OldDesignator=U5 NewDesignator=U10
Change Pin Designator/Name:  Old Designator=Q3-1 Old Name=C New Designator =B New Name=2
Change Pin Designator/Name:  Old Designator=Q3-2 Old Name=B New Designator =C New Name=1
